<?xml version="1.0" encoding="UTF-8"?>
<!-- Generated by org.testng.reporters.JUnitReportReporter -->
<testsuite skipped="0" hostname="sandipkumar" name="com.testcases.LoginPageTest" tests="2" failures="0" timestamp="2022-03-28T17:41:38 IST" time="9.405" errors="0">
  <testcase name="TC2" time="3.019" classname="com.testcases.LoginPageTest"/>
  <system-out/>
  <testcase name="TC1" time="6.386" classname="com.testcases.LoginPageTest"/>
  <system-out/>
</testsuite> <!-- com.testcases.LoginPageTest -->
